Performing C SOURCE FILE Test CMAKE_HAVE_LIBC_PTHREAD failed with the following output:
Change Dir: /root/code/2024CPP/0501Protobuf/normal/build/CMakeFiles/CMakeTmp

Run Build Command(s):/usr/bin/gmake -f Makefile cmTC_b05ba/fast && /usr/bin/gmake  -f CMakeFiles/cmTC_b05ba.dir/build.make CMakeFiles/cmTC_b05ba.dir/build
gmake[1]: Entering directory `/root/code/2024CPP/0501Protobuf/normal/build/CMakeFiles/CMakeTmp'
Building C object CMakeFiles/cmTC_b05ba.dir/src.c.o
/usr/bin/cc -DCMAKE_HAVE_LIBC_PTHREAD   -o CMakeFiles/cmTC_b05ba.dir/src.c.o -c /root/code/2024CPP/0501Protobuf/normal/build/CMakeFiles/CMakeTmp/src.c
Linking C executable cmTC_b05ba
/usr/local/bin/cmake -E cmake_link_script CMakeFiles/cmTC_b05ba.dir/link.txt --verbose=1
/usr/bin/cc -rdynamic CMakeFiles/cmTC_b05ba.dir/src.c.o -o cmTC_b05ba 
CMakeFiles/cmTC_b05ba.dir/src.c.o: In function `main':
src.c:(.text+0x2d): undefined reference to `pthread_create'
src.c:(.text+0x39): undefined reference to `pthread_detach'
src.c:(.text+0x45): undefined reference to `pthread_cancel'
src.c:(.text+0x56): undefined reference to `pthread_join'
src.c:(.text+0x6a): undefined reference to `pthread_atfork'
collect2: error: ld returned 1 exit status
gmake[1]: *** [cmTC_b05ba] Error 1
gmake[1]: Leaving directory `/root/code/2024CPP/0501Protobuf/normal/build/CMakeFiles/CMakeTmp'
gmake: *** [cmTC_b05ba/fast] Error 2


Source file was:
#include <pthread.h>

static void* test_func(void* data)
{
  return data;
}

int main(void)
{
  pthread_t thread;
  pthread_create(&thread, NULL, test_func, NULL);
  pthread_detach(thread);
  pthread_cancel(thread);
  pthread_join(thread, NULL);
  pthread_atfork(NULL, NULL, NULL);
  pthread_exit(NULL);

  return 0;
}

Determining if the function pthread_create exists in the pthreads failed with the following output:
Change Dir: /root/code/2024CPP/0501Protobuf/normal/build/CMakeFiles/CMakeTmp

Run Build Command(s):/usr/bin/gmake -f Makefile cmTC_9dc1a/fast && /usr/bin/gmake  -f CMakeFiles/cmTC_9dc1a.dir/build.make CMakeFiles/cmTC_9dc1a.dir/build
gmake[1]: Entering directory `/root/code/2024CPP/0501Protobuf/normal/build/CMakeFiles/CMakeTmp'
Building C object CMakeFiles/cmTC_9dc1a.dir/CheckFunctionExists.c.o
/usr/bin/cc   -DCHECK_FUNCTION_EXISTS=pthread_create -o CMakeFiles/cmTC_9dc1a.dir/CheckFunctionExists.c.o -c /usr/local/share/cmake-3.21/Modules/CheckFunctionExists.c
Linking C executable cmTC_9dc1a
/usr/local/bin/cmake -E cmake_link_script CMakeFiles/cmTC_9dc1a.dir/link.txt --verbose=1
/usr/bin/cc  -DCHECK_FUNCTION_EXISTS=pthread_create -rdynamic CMakeFiles/cmTC_9dc1a.dir/CheckFunctionExists.c.o -o cmTC_9dc1a  -lpthreads 
/usr/bin/ld: cannot find -lpthreads
collect2: error: ld returned 1 exit status
gmake[1]: *** [cmTC_9dc1a] Error 1
gmake[1]: Leaving directory `/root/code/2024CPP/0501Protobuf/normal/build/CMakeFiles/CMakeTmp'
gmake: *** [cmTC_9dc1a/fast] Error 2



